\BOOKMARK [1][-]{section.1}{}{}% 1
\BOOKMARK [1][-]{section.2}{}{}% 2
\BOOKMARK [2][-]{subsection.2.1}{ }{section.2}% 3
\BOOKMARK [2][-]{subsection.2.2}{ \040}{section.2}% 4
\BOOKMARK [2][-]{subsection.2.3}{ \040}{section.2}% 5
\BOOKMARK [2][-]{subsection.2.4}{}{section.2}% 6
\BOOKMARK [2][-]{subsection.2.5}{ \040}{section.2}% 7
\BOOKMARK [2][-]{subsection.2.6}{ , \040 }{section.2}% 8
\BOOKMARK [2][-]{subsection.2.7}{ \040}{section.2}% 9
\BOOKMARK [2][-]{subsection.2.8}{ \040}{section.2}% 10
\BOOKMARK [1][-]{section.3}{ }{}% 11
\BOOKMARK [2][-]{subsection.3.1}{ \040}{section.3}% 12
\BOOKMARK [2][-]{subsection.3.2}{ }{section.3}% 13
\BOOKMARK [2][-]{subsection.3.3}{}{section.3}% 14
\BOOKMARK [1][-]{section.4}{ \040}{}% 15
\BOOKMARK [1][-]{section.5}{ }{}% 16
\BOOKMARK [2][-]{subsection.5.1}{ }{section.5}% 17
\BOOKMARK [2][-]{subsection.5.2}{}{section.5}% 18
\BOOKMARK [2][-]{subsection.5.3}{ }{section.5}% 19
\BOOKMARK [2][-]{subsection.5.4}{}{section.5}% 20
\BOOKMARK [1][-]{section.6}{ \040 }{}% 21
\BOOKMARK [2][-]{subsection.6.1}{ }{section.6}% 22
\BOOKMARK [2][-]{subsection.6.2}{ }{section.6}% 23
\BOOKMARK [2][-]{subsection.6.3}{ }{section.6}% 24
\BOOKMARK [2][-]{subsection.6.4}{}{section.6}% 25
\BOOKMARK [2][-]{subsection.6.5}{}{section.6}% 26
